[debug] [2022-07-20T21:24:20.058Z] ----------------------------------------------------------------------
[debug] [2022-07-20T21:24:20.060Z] Command:       C:\Program Files\nodejs\node.exe C:\Users\richa\AppData\Roaming\npm\node_modules\firebase-tools\lib\bin\firebase.js init
[debug] [2022-07-20T21:24:20.061Z] CLI Version:   11.3.0
[debug] [2022-07-20T21:24:20.061Z] Platform:      win32
[debug] [2022-07-20T21:24:20.061Z] Node Version:  v16.15.1
[debug] [2022-07-20T21:24:20.062Z] Time:          Wed Jul 20 2022 18:24:20 GMT-0300 (Brasilia Standard Time)
[debug] [2022-07-20T21:24:20.063Z] ----------------------------------------------------------------------
[debug] 
[debug] [2022-07-20T21:24:20.071Z] > command requires scopes: ["email","openid","https://www.googleapis.com/auth/cloudplatformprojects.readonly","https://www.googleapis.com/auth/firebase","https://www.googleapis.com/auth/cloud-platform"]
[debug] [2022-07-20T21:24:20.072Z] > authorizing via signed-in user (richard@bann.com)
[info] 
     ######## #### ########  ######## ########     ###     ######  ########
     ##        ##  ##     ## ##       ##     ##  ##   ##  ##       ##
     ######    ##  ########  ######   ########  #########  ######  ######
     ##        ##  ##    ##  ##       ##     ## ##     ##       ## ##
     ##       #### ##     ## ######## ########  ##     ##  ######  ########

You're about to initialize a Firebase project in this directory:

  C:\Users\richa\Documents\GitHub\portfolio-website

[info] 
=== Project Setup
[info] 
[info] First, let's associate this project directory with a Firebase project.
[info] You can create multiple project aliases by running firebase use --add, 
[info] but for now we'll just set up a default project.
[info] 
[debug] [2022-07-20T21:26:01.260Z] >>> [apiv2][query] GET https://firebase.googleapis.com/v1beta1/projects pageSize=100
[debug] [2022-07-20T21:26:01.868Z] <<< [apiv2][status] GET https://firebase.googleapis.com/v1beta1/projects 200
[debug] [2022-07-20T21:26:01.868Z] <<< [apiv2][body] GET https://firebase.googleapis.com/v1beta1/projects [omitted]
[info] i  Using project portfolio-website-17142 (portfolio-website) 
[info] 
=== Hosting Setup
[info] 
[info] Your public directory is the folder (relative to your project directory) that
[info] will contain Hosting assets to be uploaded with firebase deploy. If you
[info] have a build process for your assets, use your build's output directory.
[info] 
